

Processing PagesController#home (for 127.0.0.1 at 2010-06-16 22:22:27) [GET]
Rendering template within layouts/application
Rendering pages/home
Completed in 39ms (View: 36, DB: 0) | 200 OK [http://localhost/pages/home]


Processing PagesController#home (for 127.0.0.1 at 2010-06-16 22:31:58) [GET]
Rendering template within layouts/application
Rendering pages/home
Completed in 28ms (View: 25, DB: 0) | 200 OK [http://localhost/pages/home]


Processing PagesController#home (for 127.0.0.1 at 2010-06-16 22:48:07) [GET]
Rendering template within layouts/application
Rendering pages/home
Rendered layouts/_stylesheets (3.0ms)

ActionView::TemplateError (undefined local variable or method `help_path' for #<ActionView::Base:0x82fd728>) on line #6 of app/views/layouts/_header.html.erb:
3:   <%= link_to logo, root_path %>
4:   <ul class="navigation round">
5:     <li><%= link_to "Home", root_path %></li>
6:     <li><%= link_to "Help", help_path %></li>
7:     <li><%= link_to "Sign in", '#' %></li>
8:   </ul>
9: </div>

    app/views/layouts/_header.html.erb:6
    app/views/layouts/application.html.erb:10
    c:/Ruby/lib/ruby/1.8/webrick/httpserver.rb:104:in `service'
    c:/Ruby/lib/ruby/1.8/webrick/httpserver.rb:65:in `run'
    c:/Ruby/lib/ruby/1.8/webrick/server.rb:173:in `start_thread'
    c:/Ruby/lib/ruby/1.8/webrick/server.rb:162:in `start'
    c:/Ruby/lib/ruby/1.8/webrick/server.rb:162:in `start_thread'
    c:/Ruby/lib/ruby/1.8/webrick/server.rb:95:in `start'
    c:/Ruby/lib/ruby/1.8/webrick/server.rb:92:in `each'
    c:/Ruby/lib/ruby/1.8/webrick/server.rb:92:in `start'
    c:/Ruby/lib/ruby/1.8/webrick/server.rb:23:in `start'
    c:/Ruby/lib/ruby/1.8/webrick/server.rb:82:in `start'

Rendered rescues/_trace (73.0ms)
Rendered rescues/_request_and_response (3.0ms)
Rendering rescues/layout (internal_server_error)


Processing PagesController#home (for 127.0.0.1 at 2010-06-16 22:49:47) [GET]
Rendering template within layouts/application
Rendering pages/home
Rendered layouts/_stylesheets (2.0ms)
Rendered layouts/_header (4.0ms)
Rendered layouts/_footer (2.0ms)
Completed in 33ms (View: 30, DB: 0) | 200 OK [http://localhost/]


Processing PagesController#home (for 127.0.0.1 at 2010-06-16 22:55:39) [GET]
Rendering template within layouts/application
Rendering pages/home
Rendered layouts/_stylesheets (3.0ms)
Rendered layouts/_header (1.0ms)
Rendered layouts/_footer (0.0ms)
Completed in 14ms (View: 10, DB: 0) | 200 OK [http://localhost/]


Processing PagesController#home (for 127.0.0.1 at 2010-06-16 23:01:58) [GET]
Rendering template within layouts/application
Rendering pages/home
Rendered layouts/_stylesheets (4.0ms)
Rendered layouts/_header (1.0ms)
Rendered layouts/_footer (0.0ms)
Completed in 15ms (View: 12, DB: 0) | 200 OK [http://localhost/]


Processing PagesController#home (for 127.0.0.1 at 2010-06-16 23:03:43) [GET]
Rendering template within layouts/application
Rendering pages/home
Rendered layouts/_stylesheets (3.0ms)
Rendered layouts/_header (2.0ms)
Rendered layouts/_footer (1.0ms)
Completed in 124ms (View: 122, DB: 0) | 200 OK [http://localhost/]


Processing PagesController#home (for 127.0.0.1 at 2010-06-16 23:05:15) [GET]
Rendering template within layouts/application
Rendering pages/home
Rendered layouts/_stylesheets (2.0ms)
Rendered layouts/_header (2.0ms)
Rendered layouts/_footer (0.0ms)
Completed in 26ms (View: 23, DB: 0) | 200 OK [http://localhost/]


Processing PagesController#home (for 127.0.0.1 at 2010-06-16 23:18:56) [GET]
Rendering template within layouts/application
Rendering pages/home
Rendered layouts/_stylesheets (7.0ms)
Rendered layouts/_header (4.0ms)
Rendered layouts/_footer (2.0ms)
Completed in 201ms (View: 197, DB: 0) | 200 OK [http://localhost/]


Processing PagesController#home (for 127.0.0.1 at 2010-06-16 23:19:55) [GET]
Rendering template within layouts/application
Rendering pages/home
Rendered layouts/_stylesheets (4.0ms)
Rendered layouts/_header (4.0ms)
Rendered layouts/_footer (2.0ms)
Completed in 196ms (View: 193, DB: 0) | 200 OK [http://localhost/]


Processing PagesController#home (for 127.0.0.1 at 2010-06-16 23:59:26) [GET]
Rendering template within layouts/application
Rendering pages/home
Rendered layouts/_stylesheets (3.0ms)
Rendered layouts/_header (3.0ms)
Rendered layouts/_footer (2.0ms)
Completed in 121ms (View: 119, DB: 0) | 200 OK [http://localhost/]


Processing PagesController#home (for 127.0.0.1 at 2010-06-17 00:11:03) [GET]
Rendering template within layouts/application
Rendering pages/home
Rendered layouts/_stylesheets (2.0ms)
Rendered layouts/_header (3.0ms)
Rendered layouts/_footer (0.0ms)
Completed in 29ms (View: 26, DB: 0) | 200 OK [http://localhost/]


Processing PagesController#home (for 127.0.0.1 at 2010-06-17 00:11:28) [GET]
Rendering template within layouts/application
Rendering pages/home
Rendered layouts/_stylesheets (4.0ms)
Rendered layouts/_header (2.0ms)
Rendered layouts/_footer (0.0ms)
Completed in 29ms (View: 21, DB: 0) | 200 OK [http://localhost/]


Processing PagesController#home (for 127.0.0.1 at 2010-06-17 00:11:47) [GET]
Rendering template within layouts/application
Rendering pages/home
Rendered layouts/_stylesheets (3.0ms)
Rendered layouts/_header (1.0ms)
Rendered layouts/_footer (0.0ms)
Completed in 24ms (View: 19, DB: 0) | 200 OK [http://localhost/]


Processing ApplicationController#index (for 127.0.0.1 at 2010-06-17 00:11:47) [GET]

ActionController::RoutingError (No route matches "/images/logo.png" with {:method=>:get}):
  c:/Ruby/lib/ruby/1.8/webrick/httpserver.rb:104:in `service'
  c:/Ruby/lib/ruby/1.8/webrick/httpserver.rb:65:in `run'
  c:/Ruby/lib/ruby/1.8/webrick/server.rb:173:in `start_thread'
  c:/Ruby/lib/ruby/1.8/webrick/server.rb:162:in `start'
  c:/Ruby/lib/ruby/1.8/webrick/server.rb:162:in `start_thread'
  c:/Ruby/lib/ruby/1.8/webrick/server.rb:95:in `start'
  c:/Ruby/lib/ruby/1.8/webrick/server.rb:92:in `each'
  c:/Ruby/lib/ruby/1.8/webrick/server.rb:92:in `start'
  c:/Ruby/lib/ruby/1.8/webrick/server.rb:23:in `start'
  c:/Ruby/lib/ruby/1.8/webrick/server.rb:82:in `start'

Rendering rescues/layout (not_found)


Processing PagesController#home (for 127.0.0.1 at 2010-06-17 00:12:09) [GET]
Rendering template within layouts/application
Rendering pages/home
Rendered layouts/_stylesheets (6.0ms)
Rendered layouts/_header (1.0ms)
Rendered layouts/_footer (0.0ms)
Completed in 31ms (View: 26, DB: 0) | 200 OK [http://localhost/]


Processing ApplicationController#index (for 127.0.0.1 at 2010-06-17 00:12:09) [GET]

ActionController::RoutingError (No route matches "/images/logo.png" with {:method=>:get}):
  c:/Ruby/lib/ruby/1.8/webrick/httpserver.rb:104:in `service'
  c:/Ruby/lib/ruby/1.8/webrick/httpserver.rb:65:in `run'
  c:/Ruby/lib/ruby/1.8/webrick/server.rb:173:in `start_thread'
  c:/Ruby/lib/ruby/1.8/webrick/server.rb:162:in `start'
  c:/Ruby/lib/ruby/1.8/webrick/server.rb:162:in `start_thread'
  c:/Ruby/lib/ruby/1.8/webrick/server.rb:95:in `start'
  c:/Ruby/lib/ruby/1.8/webrick/server.rb:92:in `each'
  c:/Ruby/lib/ruby/1.8/webrick/server.rb:92:in `start'
  c:/Ruby/lib/ruby/1.8/webrick/server.rb:23:in `start'
  c:/Ruby/lib/ruby/1.8/webrick/server.rb:82:in `start'

Rendering rescues/layout (not_found)


Processing ApplicationController#index (for 127.0.0.1 at 2010-06-17 00:13:22) [GET]

ActionController::RoutingError (No route matches "/images/logo.png" with {:method=>:get}):
  c:/Ruby/lib/ruby/1.8/webrick/httpserver.rb:104:in `service'
  c:/Ruby/lib/ruby/1.8/webrick/httpserver.rb:65:in `run'
  c:/Ruby/lib/ruby/1.8/webrick/server.rb:173:in `start_thread'
  c:/Ruby/lib/ruby/1.8/webrick/server.rb:162:in `start'
  c:/Ruby/lib/ruby/1.8/webrick/server.rb:162:in `start_thread'
  c:/Ruby/lib/ruby/1.8/webrick/server.rb:95:in `start'
  c:/Ruby/lib/ruby/1.8/webrick/server.rb:92:in `each'
  c:/Ruby/lib/ruby/1.8/webrick/server.rb:92:in `start'
  c:/Ruby/lib/ruby/1.8/webrick/server.rb:23:in `start'
  c:/Ruby/lib/ruby/1.8/webrick/server.rb:82:in `start'

Rendering rescues/layout (not_found)


Processing PagesController#home (for 127.0.0.1 at 2010-06-17 00:13:46) [GET]
Rendering template within layouts/application
Rendering pages/home
Rendered layouts/_stylesheets (3.0ms)
Rendered layouts/_header (1.0ms)
Rendered layouts/_footer (0.0ms)
Completed in 14ms (View: 9, DB: 0) | 200 OK [http://localhost/]


Processing ApplicationController#index (for 127.0.0.1 at 2010-06-17 00:13:47) [GET]

ActionController::RoutingError (No route matches "/images/logo.png" with {:method=>:get}):
  c:/Ruby/lib/ruby/1.8/webrick/httpserver.rb:104:in `service'
  c:/Ruby/lib/ruby/1.8/webrick/httpserver.rb:65:in `run'
  c:/Ruby/lib/ruby/1.8/webrick/server.rb:173:in `start_thread'
  c:/Ruby/lib/ruby/1.8/webrick/server.rb:162:in `start'
  c:/Ruby/lib/ruby/1.8/webrick/server.rb:162:in `start_thread'
  c:/Ruby/lib/ruby/1.8/webrick/server.rb:95:in `start'
  c:/Ruby/lib/ruby/1.8/webrick/server.rb:92:in `each'
  c:/Ruby/lib/ruby/1.8/webrick/server.rb:92:in `start'
  c:/Ruby/lib/ruby/1.8/webrick/server.rb:23:in `start'
  c:/Ruby/lib/ruby/1.8/webrick/server.rb:82:in `start'

Rendering rescues/layout (not_found)


Processing ApplicationController#index (for 127.0.0.1 at 2010-06-17 00:14:39) [GET]

ActionController::RoutingError (No route matches "/images/logo.png" with {:method=>:get}):
  c:/Ruby/lib/ruby/1.8/webrick/httpserver.rb:104:in `service'
  c:/Ruby/lib/ruby/1.8/webrick/httpserver.rb:65:in `run'
  c:/Ruby/lib/ruby/1.8/webrick/server.rb:173:in `start_thread'
  c:/Ruby/lib/ruby/1.8/webrick/server.rb:162:in `start'
  c:/Ruby/lib/ruby/1.8/webrick/server.rb:162:in `start_thread'
  c:/Ruby/lib/ruby/1.8/webrick/server.rb:95:in `start'
  c:/Ruby/lib/ruby/1.8/webrick/server.rb:92:in `each'
  c:/Ruby/lib/ruby/1.8/webrick/server.rb:92:in `start'
  c:/Ruby/lib/ruby/1.8/webrick/server.rb:23:in `start'
  c:/Ruby/lib/ruby/1.8/webrick/server.rb:82:in `start'

Rendering rescues/layout (not_found)


Processing ApplicationController#index (for 127.0.0.1 at 2010-06-17 00:14:41) [GET]

ActionController::RoutingError (No route matches "/images/logo.png" with {:method=>:get}):
  c:/Ruby/lib/ruby/1.8/webrick/httpserver.rb:104:in `service'
  c:/Ruby/lib/ruby/1.8/webrick/httpserver.rb:65:in `run'
  c:/Ruby/lib/ruby/1.8/webrick/server.rb:173:in `start_thread'
  c:/Ruby/lib/ruby/1.8/webrick/server.rb:162:in `start'
  c:/Ruby/lib/ruby/1.8/webrick/server.rb:162:in `start_thread'
  c:/Ruby/lib/ruby/1.8/webrick/server.rb:95:in `start'
  c:/Ruby/lib/ruby/1.8/webrick/server.rb:92:in `each'
  c:/Ruby/lib/ruby/1.8/webrick/server.rb:92:in `start'
  c:/Ruby/lib/ruby/1.8/webrick/server.rb:23:in `start'
  c:/Ruby/lib/ruby/1.8/webrick/server.rb:82:in `start'

Rendering rescues/layout (not_found)


Processing PagesController#home (for 127.0.0.1 at 2010-06-17 00:20:05) [GET]
Rendering template within layouts/application
Rendering pages/home
Rendered layouts/_stylesheets (2.0ms)
Rendered layouts/_header (1.0ms)
Rendered layouts/_footer (0.0ms)
Completed in 13ms (View: 10, DB: 0) | 200 OK [http://localhost/]


Processing ApplicationController#index (for 127.0.0.1 at 2010-06-17 00:20:06) [GET]

ActionController::RoutingError (No route matches "/images/logo.png" with {:method=>:get}):
  c:/Ruby/lib/ruby/1.8/webrick/httpserver.rb:104:in `service'
  c:/Ruby/lib/ruby/1.8/webrick/httpserver.rb:65:in `run'
  c:/Ruby/lib/ruby/1.8/webrick/server.rb:173:in `start_thread'
  c:/Ruby/lib/ruby/1.8/webrick/server.rb:162:in `start'
  c:/Ruby/lib/ruby/1.8/webrick/server.rb:162:in `start_thread'
  c:/Ruby/lib/ruby/1.8/webrick/server.rb:95:in `start'
  c:/Ruby/lib/ruby/1.8/webrick/server.rb:92:in `each'
  c:/Ruby/lib/ruby/1.8/webrick/server.rb:92:in `start'
  c:/Ruby/lib/ruby/1.8/webrick/server.rb:23:in `start'
  c:/Ruby/lib/ruby/1.8/webrick/server.rb:82:in `start'

Rendering rescues/layout (not_found)


Processing PagesController#home (for 127.0.0.1 at 2010-06-17 00:21:36) [GET]
Rendering template within layouts/application
Rendering pages/home
Rendered layouts/_stylesheets (1.0ms)
Rendered layouts/_header (2.0ms)
Rendered layouts/_footer (0.0ms)
Completed in 15ms (View: 13, DB: 0) | 200 OK [http://localhost/]


Processing PagesController#home (for 127.0.0.1 at 2010-06-17 00:22:09) [GET]
Rendering template within layouts/application
Rendering pages/home
Rendered layouts/_stylesheets (3.0ms)
Rendered layouts/_header (3.0ms)
Rendered layouts/_footer (0.0ms)
Completed in 27ms (View: 23, DB: 0) | 200 OK [http://localhost/]


Processing PagesController#home (for 127.0.0.1 at 2010-06-17 00:23:12) [GET]
Rendering template within layouts/application
Rendering pages/home
Rendered layouts/_stylesheets (3.0ms)
Rendered layouts/_header (0.0ms)
Rendered layouts/_footer (0.0ms)
Completed in 13ms (View: 10, DB: 0) | 200 OK [http://localhost/]


Processing PagesController#home (for 127.0.0.1 at 2010-06-17 00:24:01) [GET]
Rendering template within layouts/application
Rendering pages/home
Rendered layouts/_stylesheets (3.0ms)
Rendered layouts/_header (0.0ms)
Rendered layouts/_footer (0.0ms)
Completed in 14ms (View: 10, DB: 0) | 200 OK [http://localhost/]


Processing PagesController#home (for 127.0.0.1 at 2010-06-17 00:24:16) [GET]
Rendering template within layouts/application
Rendering pages/home
Rendered layouts/_stylesheets (4.0ms)
Rendered layouts/_header (1.0ms)
Rendered layouts/_footer (0.0ms)
Completed in 22ms (View: 18, DB: 0) | 200 OK [http://localhost/]


Processing PagesController#home (for 127.0.0.1 at 2010-06-17 00:24:31) [GET]
Rendering template within layouts/application
Rendering pages/home
Rendered layouts/_stylesheets (3.0ms)
Rendered layouts/_header (1.0ms)
Rendered layouts/_footer (0.0ms)
Completed in 22ms (View: 17, DB: 0) | 200 OK [http://localhost/]


Processing PagesController#home (for 127.0.0.1 at 2010-06-17 00:25:03) [GET]
Rendering template within layouts/application
Rendering pages/home
Rendered layouts/_stylesheets (3.0ms)
Rendered layouts/_header (0.0ms)
Rendered layouts/_footer (0.0ms)
Completed in 15ms (View: 12, DB: 0) | 200 OK [http://localhost/]


Processing PagesController#home (for 127.0.0.1 at 2010-06-17 00:25:47) [GET]
Rendering template within layouts/application
Rendering pages/home
Rendered layouts/_stylesheets (3.0ms)
Rendered layouts/_header (1.0ms)
Rendered layouts/_footer (0.0ms)
Completed in 13ms (View: 9, DB: 0) | 200 OK [http://localhost/]


Processing PagesController#home (for 127.0.0.1 at 2010-06-17 00:26:43) [GET]
Rendering template within layouts/application
Rendering pages/home
Rendered layouts/_stylesheets (3.0ms)
Rendered layouts/_header (0.0ms)
Rendered layouts/_footer (0.0ms)
Completed in 13ms (View: 10, DB: 0) | 200 OK [http://localhost/]


Processing PagesController#home (for 127.0.0.1 at 2010-06-17 00:29:12) [GET]
Rendering template within layouts/application
Rendering pages/home
Rendered layouts/_stylesheets (2.0ms)
Rendered layouts/_header (1.0ms)
Rendered layouts/_footer (0.0ms)
Completed in 13ms (View: 9, DB: 0) | 200 OK [http://localhost/]


Processing PagesController#home (for 127.0.0.1 at 2010-06-17 00:30:36) [GET]
Rendering template within layouts/application
Rendering pages/home
Rendered layouts/_stylesheets (2.0ms)
Rendered layouts/_header (0.0ms)
Rendered layouts/_footer (0.0ms)
Completed in 13ms (View: 9, DB: 0) | 200 OK [http://localhost/]


Processing PagesController#home (for 127.0.0.1 at 2010-06-17 00:32:01) [GET]
Rendering template within layouts/application
Rendering pages/home
Rendered layouts/_stylesheets (3.0ms)
Rendered layouts/_header (0.0ms)
Rendered layouts/_footer (1.0ms)
Completed in 13ms (View: 10, DB: 0) | 200 OK [http://localhost/]


Processing PagesController#home (for 127.0.0.1 at 2010-06-17 00:32:24) [GET]
Rendering template within layouts/application
Rendering pages/home
Rendered layouts/_stylesheets (3.0ms)
Rendered layouts/_header (1.0ms)
Rendered layouts/_footer (0.0ms)
Completed in 23ms (View: 18, DB: 0) | 200 OK [http://localhost/]


Processing PagesController#home (for 127.0.0.1 at 2010-06-17 00:33:02) [GET]
Rendering template within layouts/application
Rendering pages/home
Rendered layouts/_stylesheets (3.0ms)
Rendered layouts/_header (1.0ms)
Rendered layouts/_footer (0.0ms)
Completed in 13ms (View: 10, DB: 0) | 200 OK [http://localhost/]


Processing PagesController#home (for 127.0.0.1 at 2010-06-17 00:34:41) [GET]
Rendering template within layouts/application
Rendering pages/home
Rendered layouts/_stylesheets (3.0ms)
Rendered layouts/_header (0.0ms)
Rendered layouts/_footer (0.0ms)
Completed in 14ms (View: 10, DB: 0) | 200 OK [http://localhost/]


Processing PagesController#home (for 127.0.0.1 at 2010-06-17 00:34:45) [GET]
Rendering template within layouts/application
Rendering pages/home
Rendered layouts/_stylesheets (3.0ms)
Rendered layouts/_header (0.0ms)
Rendered layouts/_footer (0.0ms)
Completed in 22ms (View: 17, DB: 0) | 200 OK [http://localhost/]


Processing PagesController#home (for 127.0.0.1 at 2010-06-17 00:37:22) [GET]
Rendering template within layouts/application
Rendering pages/home
Rendered layouts/_stylesheets (5.0ms)
Rendered layouts/_header (3.0ms)
Rendered layouts/_footer (3.0ms)
Completed in 186ms (View: 183, DB: 0) | 200 OK [http://localhost/]


Processing PagesController#home (for 127.0.0.1 at 2010-06-17 00:49:28) [GET]
Rendering template within layouts/application
Rendering pages/home
Rendered layouts/_stylesheets (4.0ms)
Rendered layouts/_header (2.0ms)
Rendered layouts/_footer (2.0ms)
Completed in 187ms (View: 183, DB: 0) | 200 OK [http://localhost/]


Processing PagesController#home (for 127.0.0.1 at 2010-06-17 00:51:02) [GET]
Rendering template within layouts/application
Rendering pages/home
Rendered layouts/_stylesheets (5.0ms)
Rendered layouts/_header (2.0ms)
Rendered layouts/_footer (2.0ms)
Completed in 188ms (View: 185, DB: 0) | 200 OK [http://localhost/]


Processing PagesController#home (for 127.0.0.1 at 2010-06-17 00:53:23) [GET]
Rendering template within layouts/application
Rendering pages/home
Rendered layouts/_stylesheets (3.0ms)
Rendered layouts/_header (0.0ms)
Rendered layouts/_footer (0.0ms)
Completed in 20ms (View: 17, DB: 0) | 200 OK [http://localhost/]


Processing PagesController#home (for 127.0.0.1 at 2010-06-17 00:53:58) [GET]
Rendering template within layouts/application
Rendering pages/home
Rendered layouts/_stylesheets (3.0ms)
Rendered layouts/_header (0.0ms)
Rendered layouts/_footer (0.0ms)
Completed in 25ms (View: 22, DB: 0) | 200 OK [http://localhost/]


Processing PagesController#home (for 127.0.0.1 at 2010-06-17 00:55:23) [GET]
Rendering template within layouts/application
Rendering pages/home
Rendered layouts/_stylesheets (3.0ms)
Rendered layouts/_header (0.0ms)
Rendered layouts/_footer (0.0ms)
Completed in 21ms (View: 18, DB: 0) | 200 OK [http://localhost/]


Processing PagesController#home (for 127.0.0.1 at 2010-06-17 00:56:39) [GET]
Rendering template within layouts/application
Rendering pages/home
Rendered layouts/_stylesheets (2.0ms)
Rendered layouts/_linksin (2.0ms)
Rendered layouts/_linksout (3.0ms)
Completed in 44ms (View: 41, DB: 0) | 200 OK [http://localhost/]


Processing PagesController#home (for 127.0.0.1 at 2010-06-17 00:57:44) [GET]
Rendering template within layouts/application
Rendering pages/home
Rendered layouts/_stylesheets (3.0ms)
Rendered layouts/_linksin (2.0ms)
Rendered layouts/_linksout (0.0ms)
Completed in 23ms (View: 19, DB: 0) | 200 OK [http://localhost/]


Processing PagesController#home (for 127.0.0.1 at 2010-06-17 01:01:21) [GET]
Rendering template within layouts/application
Rendering pages/home
Rendered layouts/_stylesheets (3.0ms)
Rendered layouts/_linksin (2.0ms)
Rendered layouts/_linksout (0.0ms)
Completed in 33ms (View: 30, DB: 0) | 200 OK [http://localhost/]


Processing PagesController#home (for 127.0.0.1 at 2010-06-17 01:08:13) [GET]
Rendering template within layouts/application
Rendering pages/home
Rendered layouts/_stylesheets (4.0ms)
Rendered layouts/_linksin (2.0ms)
Rendered layouts/_linksout (3.0ms)
Completed in 187ms (View: 185, DB: 0) | 200 OK [http://localhost/]


Processing PagesController#home (for 127.0.0.1 at 2010-06-17 01:08:33) [GET]
Rendering template within layouts/application
Rendering pages/home
Rendered layouts/_stylesheets (3.0ms)
Rendered layouts/_linksin (0.0ms)
Rendered layouts/_linksout (1.0ms)
Completed in 20ms (View: 16, DB: 0) | 200 OK [http://localhost/]


Processing PagesController#home (for 127.0.0.1 at 2010-06-17 01:08:35) [GET]
Rendering template within layouts/application
Rendering pages/home
Rendered layouts/_stylesheets (3.0ms)
Rendered layouts/_linksin (0.0ms)
Rendered layouts/_linksout (0.0ms)
Completed in 21ms (View: 16, DB: 0) | 200 OK [http://localhost/]


Processing PagesController#home (for 127.0.0.1 at 2010-06-17 01:09:47) [GET]
Rendering template within layouts/application
Rendering pages/home
Rendered layouts/_stylesheets (2.0ms)
Rendered layouts/_linksin (1.0ms)
Rendered layouts/_linksout (1.0ms)
Completed in 12ms (View: 9, DB: 0) | 200 OK [http://localhost/]


Processing PagesController#home (for 127.0.0.1 at 2010-06-17 01:09:59) [GET]
Rendering template within layouts/application
Rendering pages/home
Rendered layouts/_stylesheets (3.0ms)
Rendered layouts/_linksin (0.0ms)
Rendered layouts/_linksout (0.0ms)
Completed in 20ms (View: 16, DB: 0) | 200 OK [http://localhost/]


Processing PagesController#home (for 127.0.0.1 at 2010-06-17 01:10:26) [GET]
Rendering template within layouts/application
Rendering pages/home
Rendered layouts/_stylesheets (3.0ms)
Rendered layouts/_linksin (0.0ms)
Rendered layouts/_linksout (0.0ms)
Completed in 20ms (View: 16, DB: 0) | 200 OK [http://localhost/]


Processing PagesController#home (for 127.0.0.1 at 2010-06-17 01:10:43) [GET]
Rendering template within layouts/application
Rendering pages/home
Rendered layouts/_stylesheets (2.0ms)
Rendered layouts/_linksin (0.0ms)
Rendered layouts/_linksout (0.0ms)
Completed in 20ms (View: 16, DB: 0) | 200 OK [http://localhost/]


Processing PagesController#home (for 127.0.0.1 at 2010-06-17 01:11:20) [GET]
Rendering template within layouts/application
Rendering pages/home
Rendered layouts/_stylesheets (3.0ms)
Rendered layouts/_linksin (1.0ms)
Rendered layouts/_linksout (0.0ms)
Completed in 12ms (View: 9, DB: 0) | 200 OK [http://localhost/]


Processing PagesController#home (for 127.0.0.1 at 2010-06-17 01:11:39) [GET]
Rendering template within layouts/application
Rendering pages/home
Rendered layouts/_stylesheets (2.0ms)
Rendered layouts/_linksin (0.0ms)
Rendered layouts/_linksout (0.0ms)
Completed in 21ms (View: 17, DB: 0) | 200 OK [http://localhost/]


Processing PagesController#home (for 127.0.0.1 at 2010-06-17 01:12:13) [GET]
Rendering template within layouts/application
Rendering pages/home
Rendered layouts/_stylesheets (3.0ms)
Rendered layouts/_linksin (0.0ms)
Rendered layouts/_linksout (0.0ms)
Completed in 12ms (View: 9, DB: 0) | 200 OK [http://localhost/]


Processing PagesController#home (for 127.0.0.1 at 2010-06-17 01:17:46) [GET]
Rendering template within layouts/application
Rendering pages/home
Rendered layouts/_stylesheets (2.0ms)
Rendered layouts/_linksin (1.0ms)
Rendered layouts/_linksout (1.0ms)
Completed in 12ms (View: 9, DB: 0) | 200 OK [http://localhost/]


Processing PagesController#home (for 127.0.0.1 at 2010-06-17 01:24:50) [GET]
Rendering template within layouts/application
Rendering pages/home
Rendered layouts/_stylesheets (3.0ms)
Rendered layouts/_linksin (0.0ms)
Rendered layouts/_linksout (0.0ms)
Completed in 14ms (View: 9, DB: 0) | 200 OK [http://localhost/]


Processing PagesController#home (for 127.0.0.1 at 2010-06-17 01:25:12) [GET]
Rendering template within layouts/application
Rendering pages/home
Rendered layouts/_stylesheets (4.0ms)
Rendered layouts/_linksin (0.0ms)
Rendered layouts/_linksout (0.0ms)
Completed in 23ms (View: 18, DB: 0) | 200 OK [http://localhost/]


Processing PagesController#home (for 127.0.0.1 at 2010-06-17 01:25:27) [GET]
Rendering template within layouts/application
Rendering pages/home
Rendered layouts/_stylesheets (2.0ms)
Rendered layouts/_linksin (0.0ms)
Rendered layouts/_linksout (1.0ms)
Completed in 22ms (View: 16, DB: 0) | 200 OK [http://localhost/]


Processing PagesController#home (for 127.0.0.1 at 2010-06-17 01:25:39) [GET]
Rendering template within layouts/application
Rendering pages/home
Rendered layouts/_stylesheets (2.0ms)
Rendered layouts/_linksin (0.0ms)
Rendered layouts/_linksout (0.0ms)
Completed in 19ms (View: 13, DB: 0) | 200 OK [http://localhost/]


Processing PagesController#home (for 127.0.0.1 at 2010-06-17 01:25:53) [GET]
Rendering template within layouts/application
Rendering pages/home
Rendered layouts/_stylesheets (3.0ms)
Rendered layouts/_linksin (0.0ms)
Rendered layouts/_linksout (1.0ms)
Completed in 20ms (View: 16, DB: 0) | 200 OK [http://localhost/]


Processing PagesController#home (for 127.0.0.1 at 2010-06-17 01:26:12) [GET]
Rendering template within layouts/application
Rendering pages/home
Rendered layouts/_stylesheets (3.0ms)
Rendered layouts/_linksin (0.0ms)
Rendered layouts/_linksout (0.0ms)
Completed in 21ms (View: 17, DB: 0) | 200 OK [http://localhost/]


Processing PagesController#home (for 127.0.0.1 at 2010-06-17 01:26:44) [GET]
Rendering template within layouts/application
Rendering pages/home
Rendered layouts/_stylesheets (3.0ms)
Rendered layouts/_linksin (0.0ms)
Rendered layouts/_linksout (0.0ms)
Completed in 11ms (View: 8, DB: 0) | 200 OK [http://localhost/]


Processing PagesController#home (for 127.0.0.1 at 2010-06-17 01:26:52) [GET]
Rendering template within layouts/application
Rendering pages/home
Rendered layouts/_stylesheets (4.0ms)
Rendered layouts/_linksin (0.0ms)
Rendered layouts/_linksout (1.0ms)
Completed in 25ms (View: 18, DB: 0) | 200 OK [http://localhost/]


Processing PagesController#home (for 127.0.0.1 at 2010-06-17 01:27:27) [GET]
Rendering template within layouts/application
Rendering pages/home
Rendered layouts/_stylesheets (3.0ms)
Rendered layouts/_linksin (1.0ms)
Rendered layouts/_linksout (1.0ms)
Completed in 11ms (View: 8, DB: 0) | 200 OK [http://localhost/]


Processing PagesController#home (for 127.0.0.1 at 2010-06-17 01:27:59) [GET]
Rendering template within layouts/application
Rendering pages/home
Rendered layouts/_stylesheets (2.0ms)
Rendered layouts/_linksin (0.0ms)
Rendered layouts/_linksout (0.0ms)
Completed in 13ms (View: 10, DB: 0) | 200 OK [http://localhost/]


Processing PagesController#home (for 127.0.0.1 at 2010-06-17 01:29:38) [GET]
Rendering template within layouts/application
Rendering pages/home
Rendered layouts/_stylesheets (3.0ms)
Rendered layouts/_linksin (0.0ms)
Rendered layouts/_linksout (0.0ms)
Completed in 12ms (View: 9, DB: 0) | 200 OK [http://localhost/]


Processing PagesController#home (for 127.0.0.1 at 2010-06-17 01:30:04) [GET]
Rendering template within layouts/application
Rendering pages/home
Rendered layouts/_stylesheets (3.0ms)
Rendered layouts/_linksin (1.0ms)
Rendered layouts/_linksout (1.0ms)
Completed in 20ms (View: 16, DB: 0) | 200 OK [http://localhost/]


Processing PagesController#home (for 127.0.0.1 at 2010-06-17 01:30:19) [GET]
Rendering template within layouts/application
Rendering pages/home
Rendered layouts/_stylesheets (3.0ms)
Rendered layouts/_linksin (0.0ms)
Rendered layouts/_linksout (0.0ms)
Completed in 21ms (View: 16, DB: 0) | 200 OK [http://localhost/]


Processing PagesController#home (for 127.0.0.1 at 2010-06-17 01:36:52) [GET]
Rendering template within layouts/application
Rendering pages/home
Rendered layouts/_stylesheets (3.0ms)
Rendered layouts/_linksin (0.0ms)
Rendered layouts/_linksout (0.0ms)
Completed in 12ms (View: 9, DB: 0) | 200 OK [http://localhost/]


Processing PagesController#home (for 127.0.0.1 at 2010-06-17 01:38:10) [GET]
Rendering template within layouts/application
Rendering pages/home
Rendered layouts/_stylesheets (2.0ms)
Rendered layouts/_header (3.0ms)
Rendered layouts/_linksout (0.0ms)
Completed in 34ms (View: 30, DB: 0) | 200 OK [http://localhost/]


Processing PagesController#home (for 127.0.0.1 at 2010-06-17 01:38:49) [GET]
Rendering template within layouts/application
Rendering pages/home
Rendered layouts/_stylesheets (3.0ms)
Rendered layouts/_header (1.0ms)
Rendered layouts/_linksout (1.0ms)
Completed in 24ms (View: 21, DB: 0) | 200 OK [http://localhost/]


Processing PagesController#home (for 127.0.0.1 at 2010-06-17 01:39:02) [GET]
Rendering template within layouts/application
Rendering pages/home
Rendered layouts/_stylesheets (3.0ms)
Rendered layouts/_header (0.0ms)
Completed in 31ms (View: 26, DB: 0) | 200 OK [http://localhost/]


Processing PagesController#home (for 127.0.0.1 at 2010-06-17 01:41:12) [GET]
Rendering template within layouts/application
Rendering pages/home
Rendered layouts/_stylesheets (3.0ms)
Rendered layouts/_header (0.0ms)
Completed in 11ms (View: 7, DB: 0) | 200 OK [http://localhost/]


Processing PagesController#home (for 127.0.0.1 at 2010-06-17 01:41:39) [GET]
Rendering template within layouts/application
Rendering pages/home
Rendered layouts/_stylesheets (3.0ms)
Rendered layouts/_header (1.0ms)
Completed in 19ms (View: 14, DB: 0) | 200 OK [http://localhost/]


Processing PagesController#home (for 127.0.0.1 at 2010-06-17 01:42:00) [GET]
Rendering template within layouts/application
Rendering pages/home
Rendered layouts/_stylesheets (3.0ms)
Rendered layouts/_header (0.0ms)
Completed in 12ms (View: 9, DB: 0) | 200 OK [http://localhost/]


Processing PagesController#home (for 127.0.0.1 at 2010-06-17 01:42:20) [GET]
Rendering template within layouts/application
Rendering pages/home
Rendered layouts/_stylesheets (3.0ms)
Rendered layouts/_header (0.0ms)
Completed in 12ms (View: 9, DB: 0) | 200 OK [http://localhost/]


Processing PagesController#home (for 127.0.0.1 at 2010-06-17 01:45:18) [GET]
Rendering template within layouts/application
Rendering pages/home
Rendered layouts/_stylesheets (3.0ms)
Rendered layouts/_header (0.0ms)
Completed in 13ms (View: 8, DB: 0) | 200 OK [http://localhost/]


Processing PagesController#home (for 127.0.0.1 at 2010-06-17 01:47:47) [GET]
Rendering template within layouts/application
Rendering pages/home
Rendered layouts/_stylesheets (3.0ms)
Rendered layouts/_header (0.0ms)
Completed in 23ms (View: 20, DB: 0) | 200 OK [http://localhost/]


Processing PagesController#home (for 127.0.0.1 at 2010-06-17 01:50:43) [GET]
Rendering template within layouts/application
Rendering pages/home
Rendered layouts/_stylesheets (3.0ms)
Rendered layouts/_header (0.0ms)
Completed in 11ms (View: 8, DB: 0) | 200 OK [http://localhost/]


Processing PagesController#home (for 127.0.0.1 at 2010-06-17 01:51:42) [GET]
Rendering template within layouts/application
Rendering pages/home
Rendered layouts/_stylesheets (3.0ms)
Rendered layouts/_header (0.0ms)
Completed in 12ms (View: 8, DB: 0) | 200 OK [http://localhost/]


Processing PagesController#home (for 127.0.0.1 at 2010-06-17 01:52:15) [GET]
Rendering template within layouts/application
Rendering pages/home
Rendered layouts/_stylesheets (3.0ms)
Rendered layouts/_header (0.0ms)
Completed in 11ms (View: 7, DB: 0) | 200 OK [http://localhost/]


Processing PagesController#home (for 127.0.0.1 at 2010-06-17 01:52:25) [GET]
Rendering template within layouts/application
Rendering pages/home
Rendered layouts/_stylesheets (4.0ms)
Rendered layouts/_header (1.0ms)
Completed in 19ms (View: 14, DB: 0) | 200 OK [http://localhost/]


Processing PagesController#home (for 127.0.0.1 at 2010-06-17 01:52:43) [GET]
Rendering template within layouts/application
Rendering pages/home
Rendered layouts/_stylesheets (2.0ms)
Rendered layouts/_header (0.0ms)
Completed in 18ms (View: 14, DB: 0) | 200 OK [http://localhost/]


Processing PagesController#home (for 127.0.0.1 at 2010-06-17 01:53:10) [GET]
Rendering template within layouts/application
Rendering pages/home
Rendered layouts/_stylesheets (2.0ms)
Rendered layouts/_header (1.0ms)
Completed in 11ms (View: 8, DB: 0) | 200 OK [http://localhost/]


Processing PagesController#home (for 127.0.0.1 at 2010-06-17 01:53:34) [GET]
Rendering template within layouts/application
Rendering pages/home
Rendered layouts/_stylesheets (2.0ms)
Rendered layouts/_header (0.0ms)
Completed in 12ms (View: 8, DB: 0) | 200 OK [http://localhost/]


Processing PagesController#home (for 127.0.0.1 at 2010-06-17 01:54:12) [GET]
Rendering template within layouts/application
Rendering pages/home
Rendered layouts/_stylesheets (2.0ms)
Rendered layouts/_header (1.0ms)
Completed in 141ms (View: 137, DB: 0) | 200 OK [http://localhost/]


Processing PagesController#home (for 127.0.0.1 at 2010-06-17 01:54:53) [GET]
Rendering template within layouts/application
Rendering pages/home
Rendered layouts/_stylesheets (3.0ms)
Rendered layouts/_header (0.0ms)
Completed in 12ms (View: 9, DB: 0) | 200 OK [http://localhost/]


Processing PagesController#home (for 127.0.0.1 at 2010-06-17 01:55:03) [GET]
Rendering template within layouts/application
Rendering pages/home
Rendered layouts/_stylesheets (3.0ms)
Rendered layouts/_header (0.0ms)
Completed in 18ms (View: 14, DB: 0) | 200 OK [http://localhost/]


Processing PagesController#home (for 127.0.0.1 at 2010-06-17 01:55:06) [GET]
Rendering template within layouts/application
Rendering pages/home
Rendered layouts/_stylesheets (3.0ms)
Rendered layouts/_header (1.0ms)
Completed in 18ms (View: 13, DB: 0) | 200 OK [http://localhost/]


Processing PagesController#home (for 127.0.0.1 at 2010-06-17 01:55:22) [GET]
Rendering template within layouts/application
Rendering pages/home
Rendered layouts/_stylesheets (2.0ms)
Rendered layouts/_header (0.0ms)
Completed in 11ms (View: 8, DB: 0) | 200 OK [http://localhost/]


Processing PagesController#home (for 127.0.0.1 at 2010-06-17 01:55:41) [GET]
Rendering template within layouts/application
Rendering pages/home
Rendered layouts/_stylesheets (2.0ms)
Rendered layouts/_header (0.0ms)
Completed in 12ms (View: 9, DB: 0) | 200 OK [http://localhost/]


Processing PagesController#home (for 127.0.0.1 at 2010-06-17 01:56:47) [GET]
Rendering template within layouts/application
Rendering pages/home
Rendered layouts/_stylesheets (3.0ms)
Rendered layouts/_header (0.0ms)
Completed in 23ms (View: 20, DB: 0) | 200 OK [http://localhost/]


Processing PagesController#home (for 127.0.0.1 at 2010-06-17 01:59:29) [GET]
Rendering template within layouts/application
Rendering pages/home
Rendered layouts/_stylesheets (3.0ms)
Rendered layouts/_header (1.0ms)
Completed in 13ms (View: 9, DB: 0) | 200 OK [http://localhost/]


Processing PagesController#home (for 127.0.0.1 at 2010-06-17 01:59:43) [GET]
Rendering template within layouts/application
Rendering pages/home
Rendered layouts/_stylesheets (4.0ms)
Rendered layouts/_header (1.0ms)
Completed in 21ms (View: 16, DB: 0) | 200 OK [http://localhost/]


Processing PagesController#home (for 127.0.0.1 at 2010-06-17 02:01:42) [GET]
Rendering template within layouts/application
Rendering pages/home
Rendered layouts/_stylesheets (3.0ms)
Rendered layouts/_header (2.0ms)
Completed in 22ms (View: 19, DB: 0) | 200 OK [http://localhost/]


Processing PagesController#home (for 127.0.0.1 at 2010-06-17 02:02:19) [GET]
Rendering template within layouts/application
Rendering pages/home
Rendered layouts/_stylesheets (1.0ms)
Rendered layouts/_header (0.0ms)
Completed in 146ms (View: 6, DB: 0) | 200 OK [http://localhost/]


Processing PagesController#home (for 127.0.0.1 at 2010-06-17 02:02:41) [GET]
Rendering template within layouts/application
Rendering pages/home
Rendered layouts/_stylesheets (3.0ms)
Rendered layouts/_header (0.0ms)
Completed in 19ms (View: 15, DB: 0) | 200 OK [http://localhost/]


Processing PagesController#home (for 127.0.0.1 at 2010-06-17 02:04:07) [GET]
Rendering template within layouts/application
Rendering pages/home
Rendered layouts/_stylesheets (3.0ms)
Rendered layouts/_header (3.0ms)
Completed in 22ms (View: 19, DB: 0) | 200 OK [http://localhost/]


Processing PagesController#home (for 127.0.0.1 at 2010-06-17 02:04:36) [GET]
Rendering template within layouts/application
Rendering pages/home
Rendered layouts/_stylesheets (3.0ms)
Rendered layouts/_header (0.0ms)
Completed in 43ms (View: 39, DB: 0) | 200 OK [http://localhost/]


Processing PagesController#home (for 127.0.0.1 at 2010-06-17 02:04:38) [GET]
Rendering template within layouts/application
Rendering pages/home
Rendered layouts/_stylesheets (2.0ms)
Rendered layouts/_header (1.0ms)
Completed in 13ms (View: 8, DB: 0) | 200 OK [http://localhost/]


Processing PagesController#home (for 127.0.0.1 at 2010-06-17 02:04:44) [GET]
Rendering template within layouts/application
Rendering pages/home
Rendered layouts/_stylesheets (3.0ms)
Rendered layouts/_header (1.0ms)
Completed in 38ms (View: 33, DB: 0) | 200 OK [http://localhost/]
